<?xml version="1.0" encoding="UTF-8"?>
<testng-results skipped="0" failed="0" total="3" passed="3">
  <reporter-output>
  </reporter-output>
  <suite name="Default suite" duration-ms="59026" started-at="2018-05-06T18:35:01Z" finished-at="2018-05-06T18:36:00Z">
    <groups>
    </groups>
    <test name="Default test" duration-ms="59026" started-at="2018-05-06T18:35:01Z" finished-at="2018-05-06T18:36:00Z">
      <class name="com.http.test.PostAPITest">
        <test-method status="PASS" signature="commentsAPITest()[pri:0, instance:com.http.test.PostAPITest@1058f00]" name="commentsAPITest" duration-ms="19265" started-at="2018-05-07T00:05:01Z" finished-at="2018-05-07T00:05:20Z">
          <reporter-output>
          </reporter-output>
        </test-method> <!-- commentsAPITest -->
        <test-method status="PASS" signature="postsAPITest()[pri:0, instance:com.http.test.PostAPITest@1058f00]" name="postsAPITest" duration-ms="521" started-at="2018-05-07T00:05:20Z" finished-at="2018-05-07T00:05:21Z">
          <reporter-output>
          </reporter-output>
        </test-method> <!-- postsAPITest -->
        <test-method status="PASS" signature="usersAPITest()[pri:0, instance:com.http.test.PostAPITest@1058f00]" name="usersAPITest" duration-ms="39180" started-at="2018-05-07T00:05:21Z" finished-at="2018-05-07T00:06:00Z">
          <reporter-output>
          </reporter-output>
        </test-method> <!-- usersAPITest -->
      </class> <!-- com.http.test.PostAPITest -->
    </test> <!-- Default test -->
  </suite> <!-- Default suite -->
</testng-results>
